<?xml version="1.0" encoding="UTF-8"?>
<!-- Generated by org.testng.reporters.JUnitReportReporter -->
<testsuite name="sample.LoginPageTest" tests="3" time="31.660" ignored="0" failures="0" timestamp="30 Jan 2020 12:28:31 GMT" skipped="0" hostname="Naveen-Mac.local" errors="0">
  <testcase name="verifySignUpLinkTest" time="7.239" classname="sample.LoginPageTest"/>
  <testcase name="loginTest" time="12.797" classname="sample.LoginPageTest"/>
  <testcase name="verifyLoginPageTitleTest" time="11.624" classname="sample.LoginPageTest"/>
</testsuite> <!-- sample.LoginPageTest -->
