<?xml version="1.0" encoding="UTF-8"?>
<!-- Generated by org.testng.reporters.JUnitReportReporter -->
<testsuite skipped="1" hostname="Naveen-Mac.local" name="com.qa.hubspot.tests.LoginPageTest" tests="2" failures="0" timestamp="11 Feb 2020 09:31:59 GMT" time="7.741" errors="0">
  <testcase name="verifySignUpLinkTest" time="7.741" classname="com.qa.hubspot.tests.LoginPageTest"/>
  <testcase name="login_InvalidTestCases" classname="com.qa.hubspot.tests.LoginPageTest">
    <skipped/>
  </testcase> <!-- login_InvalidTestCases -->
</testsuite> <!-- com.qa.hubspot.tests.LoginPageTest -->
